<?xml version="1.0" encoding="UTF-8"?>
<testsuites name="Test Suite1" time="34" tests="1" failures="0" errors="0">
   <testsuite name="Test Suite1" tests="1" failures="0" errors="0" time="34" timestamp="2018-07-25 11:13:44" hostname="slk - WSLK1FFTRFW-15" id="Test Suites/Day 2/Test Suite1">
      <properties>
         <property name="deviceName" value=""/>
         <property name="devicePlatform" value=""/>
         <property name="logFolder" value="C:\\Users\\slk.WSLK1FFTRFW-15.005\\Katalon Studio\\Demo_SLK\\Reports\\Day 2\\Test Suite1\\20180725_111342"/>
         <property name="logFiles" value="C:\\Users\\slk.WSLK1FFTRFW-15.005\\Katalon Studio\\Demo_SLK\\Reports\\Day 2\\Test Suite1\\20180725_111342\\execution0.log"/>
         <property name="attachments" value=""/>
         <property name="hostName" value="slk - WSLK1FFTRFW-15"/>
         <property name="os" value="Windows 7 64bit"/>
         <property name="katalonVersion" value="5.5.0.1"/>
         <property name="browser" value="Chrome 67.0.3396.99"/>
         <property name="hostAddress" value="10.10.10.24"/>
         <property name="sessionId" value="03ee908e429f6c193559f850a805cbe7"/>
         <property name="seleniumVersion" value="3.7.1"/>
         <property name="proxyInformation" value="ProxyInformation{proxyOption=NO_PROXY, proxyServerType=HTTP, password=, proxyServerAddress=, proxyServerPort=0}"/>
         <property name="platform" value="Windows 7"/>
      </properties>
      <testcase name="Test Cases/dAY 2/Test 2" classname="Test Cases/dAY 2/Test 2" status="PASSED">
         <system-out><![CDATA[2018-07-25 11:13:45 - [TEST_CASE][PASSED] - Test Cases/dAY 2/Test 2: Test Cases/dAY 2/Test 2

2018-07-25 11:13:45 - [TEST_STEP][PASSED] - openBrowser: Browser is opened with url: ''

2018-07-25 11:14:09 - [MESSAGE][PASSED] - Browser is opened with url: ''

2018-07-25 11:14:09 - [TEST_STEP][PASSED] - navigateToUrl: Navigate to 'https://opensource-demo.orangehrmlive.com/index.php/auth/login' successfully

2018-07-25 11:14:14 - [MESSAGE][PASSED] - Navigate to 'https://opensource-demo.orangehrmlive.com/index.php/auth/login' successfully

2018-07-25 11:14:14 - [TEST_STEP][PASSED] - setText: Text 'Admin' is set on object 'Object Repository/Page Profile/Page_OrangeHRM/input_txtUsername'

2018-07-25 11:14:14 - [MESSAGE][PASSED] - Text 'Admin' is set on object 'Object Repository/Page Profile/Page_OrangeHRM/input_txtUsername'

2018-07-25 11:14:14 - [TEST_STEP][PASSED] - setText: Text 'admin123' is set on object 'Object Repository/Page Profile/Page_OrangeHRM/input_txtPassword'

2018-07-25 11:14:14 - [MESSAGE][PASSED] - Text 'admin123' is set on object 'Object Repository/Page Profile/Page_OrangeHRM/input_txtPassword'

2018-07-25 11:14:14 - [TEST_STEP][PASSED] - click: Object: 'Object Repository/Page Profile/Page_OrangeHRM/input_Submit' is clicked on

2018-07-25 11:14:18 - [MESSAGE][PASSED] - Object: 'Object Repository/Page Profile/Page_OrangeHRM/input_Submit' is clicked on

2018-07-25 11:14:18 - [TEST_STEP][PASSED] - closeBrowser: Browser is closed

2018-07-25 11:14:18 - [MESSAGE][PASSED] - Browser is closed]]></system-out>
         <system-err><![CDATA[]]></system-err>
      </testcase>
      <system-out><![CDATA[2018-07-25 11:13:44 - [TEST_SUITE][PASSED] - Test Suite1: Test Cases/dAY 2/Test 2]]></system-out>
      <system-err><![CDATA[]]></system-err>
   </testsuite>
</testsuites>
